[INFO  - 2019-01-31T15:54:49.861Z] GhostDriver - Main - running on port 27215
[INFO  - 2019-01-31T15:54:50.241Z] Session [8a89ead0-2570-11e9-bf58-6b81752325f2] - page.settings - {"XSSAuditingEnabled":false,"javascriptCanCloseWindows":true,"javascriptCanOpenWindows":true,"javascriptEnabled":true,"loadImages":true,"localToRemoteUrlAccessEnabled":false,"userAgent":"Mozilla/5.0 (Windows NT 6.2; WOW64) AppleWebKit/538.1 (KHTML, like Gecko) PhantomJS/2.1.1 Safari/538.1","webSecurityEnabled":true}
[INFO  - 2019-01-31T15:54:50.241Z] Session [8a89ead0-2570-11e9-bf58-6b81752325f2] - page.customHeaders:  - {}
[INFO  - 2019-01-31T15:54:50.241Z] Session [8a89ead0-2570-11e9-bf58-6b81752325f2] - Session.negotiatedCapabilities - {"browserName":"phantomjs","version":"2.1.1","driverName":"ghostdriver","driverVersion":"1.2.0","platform":"windows-10-32bit","javascriptEnabled":true,"takesScreenshot":true,"handlesAlerts":false,"databaseEnabled":false,"locationContextEnabled":false,"applicationCacheEnabled":false,"browserConnectionEnabled":false,"cssSelectorsEnabled":true,"webStorageEnabled":false,"rotatable":false,"acceptSslCerts":false,"nativeEvents":true,"proxy":{"proxyType":"direct"}}
[INFO  - 2019-01-31T15:54:50.241Z] SessionManagerReqHand - _postNewSessionCommand - New Session Created: 8a89ead0-2570-11e9-bf58-6b81752325f2
[INFO  - 2019-01-31T15:54:51.794Z] ShutdownReqHand - _handle - About to shutdown
[INFO  - 2019-01-31T15:54:53.762Z] GhostDriver - Main - running on port 19749
[INFO  - 2019-01-31T15:54:53.998Z] Session [8cc5d110-2570-11e9-9a13-99f50e0fbc8e] - page.settings - {"XSSAuditingEnabled":false,"javascriptCanCloseWindows":true,"javascriptCanOpenWindows":true,"javascriptEnabled":true,"loadImages":true,"localToRemoteUrlAccessEnabled":false,"userAgent":"Mozilla/5.0 (Windows NT 6.2; WOW64) AppleWebKit/538.1 (KHTML, like Gecko) PhantomJS/2.1.1 Safari/538.1","webSecurityEnabled":true}
[INFO  - 2019-01-31T15:54:53.999Z] Session [8cc5d110-2570-11e9-9a13-99f50e0fbc8e] - page.customHeaders:  - {}
[INFO  - 2019-01-31T15:54:53.999Z] Session [8cc5d110-2570-11e9-9a13-99f50e0fbc8e] - Session.negotiatedCapabilities - {"browserName":"phantomjs","version":"2.1.1","driverName":"ghostdriver","driverVersion":"1.2.0","platform":"windows-10-32bit","javascriptEnabled":true,"takesScreenshot":true,"handlesAlerts":false,"databaseEnabled":false,"locationContextEnabled":false,"applicationCacheEnabled":false,"browserConnectionEnabled":false,"cssSelectorsEnabled":true,"webStorageEnabled":false,"rotatable":false,"acceptSslCerts":false,"nativeEvents":true,"proxy":{"proxyType":"direct"}}
[INFO  - 2019-01-31T15:54:53.999Z] SessionManagerReqHand - _postNewSessionCommand - New Session Created: 8cc5d110-2570-11e9-9a13-99f50e0fbc8e
[INFO  - 2019-01-31T15:54:55.402Z] ShutdownReqHand - _handle - About to shutdown
[INFO  - 2019-01-31T15:54:57.375Z] GhostDriver - Main - running on port 36287
[INFO  - 2019-01-31T15:54:57.601Z] Session [8eec81a0-2570-11e9-a9ef-03cceb76d52d] - page.settings - {"XSSAuditingEnabled":false,"javascriptCanCloseWindows":true,"javascriptCanOpenWindows":true,"javascriptEnabled":true,"loadImages":true,"localToRemoteUrlAccessEnabled":false,"userAgent":"Mozilla/5.0 (Windows NT 6.2; WOW64) AppleWebKit/538.1 (KHTML, like Gecko) PhantomJS/2.1.1 Safari/538.1","webSecurityEnabled":true}
[INFO  - 2019-01-31T15:54:57.601Z] Session [8eec81a0-2570-11e9-a9ef-03cceb76d52d] - page.customHeaders:  - {}
[INFO  - 2019-01-31T15:54:57.601Z] Session [8eec81a0-2570-11e9-a9ef-03cceb76d52d] - Session.negotiatedCapabilities - {"browserName":"phantomjs","version":"2.1.1","driverName":"ghostdriver","driverVersion":"1.2.0","platform":"windows-10-32bit","javascriptEnabled":true,"takesScreenshot":true,"handlesAlerts":false,"databaseEnabled":false,"locationContextEnabled":false,"applicationCacheEnabled":false,"browserConnectionEnabled":false,"cssSelectorsEnabled":true,"webStorageEnabled":false,"rotatable":false,"acceptSslCerts":false,"nativeEvents":true,"proxy":{"proxyType":"direct"}}
[INFO  - 2019-01-31T15:54:57.601Z] SessionManagerReqHand - _postNewSessionCommand - New Session Created: 8eec81a0-2570-11e9-a9ef-03cceb76d52d
[INFO  - 2019-01-31T15:54:59.545Z] ShutdownReqHand - _handle - About to shutdown
[INFO  - 2019-01-31T15:55:01.519Z] GhostDriver - Main - running on port 42440
[INFO  - 2019-01-31T15:55:01.716Z] Session [916040c0-2570-11e9-9a97-f71d2a5c71f6] - page.settings - {"XSSAuditingEnabled":false,"javascriptCanCloseWindows":true,"javascriptCanOpenWindows":true,"javascriptEnabled":true,"loadImages":true,"localToRemoteUrlAccessEnabled":false,"userAgent":"Mozilla/5.0 (Windows NT 6.2; WOW64) AppleWebKit/538.1 (KHTML, like Gecko) PhantomJS/2.1.1 Safari/538.1","webSecurityEnabled":true}
[INFO  - 2019-01-31T15:55:01.716Z] Session [916040c0-2570-11e9-9a97-f71d2a5c71f6] - page.customHeaders:  - {}
[INFO  - 2019-01-31T15:55:01.717Z] Session [916040c0-2570-11e9-9a97-f71d2a5c71f6] - Session.negotiatedCapabilities - {"browserName":"phantomjs","version":"2.1.1","driverName":"ghostdriver","driverVersion":"1.2.0","platform":"windows-10-32bit","javascriptEnabled":true,"takesScreenshot":true,"handlesAlerts":false,"databaseEnabled":false,"locationContextEnabled":false,"applicationCacheEnabled":false,"browserConnectionEnabled":false,"cssSelectorsEnabled":true,"webStorageEnabled":false,"rotatable":false,"acceptSslCerts":false,"nativeEvents":true,"proxy":{"proxyType":"direct"}}
[INFO  - 2019-01-31T15:55:01.717Z] SessionManagerReqHand - _postNewSessionCommand - New Session Created: 916040c0-2570-11e9-9a97-f71d2a5c71f6
[INFO  - 2019-01-31T15:55:04.266Z] ShutdownReqHand - _handle - About to shutdown
[INFO  - 2019-01-31T15:57:18.388Z] GhostDriver - Main - running on port 37963
[INFO  - 2019-01-31T15:57:18.823Z] Session [e319bb30-2570-11e9-90df-2100824a1290] - page.settings - {"XSSAuditingEnabled":false,"javascriptCanCloseWindows":true,"javascriptCanOpenWindows":true,"javascriptEnabled":true,"loadImages":true,"localToRemoteUrlAccessEnabled":false,"userAgent":"Mozilla/5.0 (Windows NT 6.2; WOW64) AppleWebKit/538.1 (KHTML, like Gecko) PhantomJS/2.1.1 Safari/538.1","webSecurityEnabled":true}
[INFO  - 2019-01-31T15:57:18.823Z] Session [e319bb30-2570-11e9-90df-2100824a1290] - page.customHeaders:  - {}
[INFO  - 2019-01-31T15:57:18.823Z] Session [e319bb30-2570-11e9-90df-2100824a1290] - Session.negotiatedCapabilities - {"browserName":"phantomjs","version":"2.1.1","driverName":"ghostdriver","driverVersion":"1.2.0","platform":"windows-10-32bit","javascriptEnabled":true,"takesScreenshot":true,"handlesAlerts":false,"databaseEnabled":false,"locationContextEnabled":false,"applicationCacheEnabled":false,"browserConnectionEnabled":false,"cssSelectorsEnabled":true,"webStorageEnabled":false,"rotatable":false,"acceptSslCerts":false,"nativeEvents":true,"proxy":{"proxyType":"direct"}}
[INFO  - 2019-01-31T15:57:18.823Z] SessionManagerReqHand - _postNewSessionCommand - New Session Created: e319bb30-2570-11e9-90df-2100824a1290
[INFO  - 2019-01-31T15:57:20.405Z] ShutdownReqHand - _handle - About to shutdown
[INFO  - 2019-01-31T15:57:22.374Z] GhostDriver - Main - running on port 2589
[INFO  - 2019-01-31T15:57:22.603Z] Session [e559e730-2570-11e9-b811-fb5d76f37423] - page.settings - {"XSSAuditingEnabled":false,"javascriptCanCloseWindows":true,"javascriptCanOpenWindows":true,"javascriptEnabled":true,"loadImages":true,"localToRemoteUrlAccessEnabled":false,"userAgent":"Mozilla/5.0 (Windows NT 6.2; WOW64) AppleWebKit/538.1 (KHTML, like Gecko) PhantomJS/2.1.1 Safari/538.1","webSecurityEnabled":true}
[INFO  - 2019-01-31T15:57:22.603Z] Session [e559e730-2570-11e9-b811-fb5d76f37423] - page.customHeaders:  - {}
[INFO  - 2019-01-31T15:57:22.603Z] Session [e559e730-2570-11e9-b811-fb5d76f37423] - Session.negotiatedCapabilities - {"browserName":"phantomjs","version":"2.1.1","driverName":"ghostdriver","driverVersion":"1.2.0","platform":"windows-10-32bit","javascriptEnabled":true,"takesScreenshot":true,"handlesAlerts":false,"databaseEnabled":false,"locationContextEnabled":false,"applicationCacheEnabled":false,"browserConnectionEnabled":false,"cssSelectorsEnabled":true,"webStorageEnabled":false,"rotatable":false,"acceptSslCerts":false,"nativeEvents":true,"proxy":{"proxyType":"direct"}}
[INFO  - 2019-01-31T15:57:22.604Z] SessionManagerReqHand - _postNewSessionCommand - New Session Created: e559e730-2570-11e9-b811-fb5d76f37423
[INFO  - 2019-01-31T15:57:23.988Z] ShutdownReqHand - _handle - About to shutdown
[INFO  - 2019-01-31T15:57:25.953Z] GhostDriver - Main - running on port 7525
[INFO  - 2019-01-31T15:57:26.167Z] Session [e7791db0-2570-11e9-bbd2-e3d0c0e0446a] - page.settings - {"XSSAuditingEnabled":false,"javascriptCanCloseWindows":true,"javascriptCanOpenWindows":true,"javascriptEnabled":true,"loadImages":true,"localToRemoteUrlAccessEnabled":false,"userAgent":"Mozilla/5.0 (Windows NT 6.2; WOW64) AppleWebKit/538.1 (KHTML, like Gecko) PhantomJS/2.1.1 Safari/538.1","webSecurityEnabled":true}
[INFO  - 2019-01-31T15:57:26.167Z] Session [e7791db0-2570-11e9-bbd2-e3d0c0e0446a] - page.customHeaders:  - {}
[INFO  - 2019-01-31T15:57:26.167Z] Session [e7791db0-2570-11e9-bbd2-e3d0c0e0446a] - Session.negotiatedCapabilities - {"browserName":"phantomjs","version":"2.1.1","driverName":"ghostdriver","driverVersion":"1.2.0","platform":"windows-10-32bit","javascriptEnabled":true,"takesScreenshot":true,"handlesAlerts":false,"databaseEnabled":false,"locationContextEnabled":false,"applicationCacheEnabled":false,"browserConnectionEnabled":false,"cssSelectorsEnabled":true,"webStorageEnabled":false,"rotatable":false,"acceptSslCerts":false,"nativeEvents":true,"proxy":{"proxyType":"direct"}}
[INFO  - 2019-01-31T15:57:26.167Z] SessionManagerReqHand - _postNewSessionCommand - New Session Created: e7791db0-2570-11e9-bbd2-e3d0c0e0446a
[INFO  - 2019-01-31T15:57:27.688Z] ShutdownReqHand - _handle - About to shutdown
[INFO  - 2019-01-31T15:57:29.622Z] GhostDriver - Main - running on port 7223
[INFO  - 2019-01-31T15:57:29.873Z] Session [e9af5ea0-2570-11e9-9e3c-7f121f9d3ac3] - page.settings - {"XSSAuditingEnabled":false,"javascriptCanCloseWindows":true,"javascriptCanOpenWindows":true,"javascriptEnabled":true,"loadImages":true,"localToRemoteUrlAccessEnabled":false,"userAgent":"Mozilla/5.0 (Windows NT 6.2; WOW64) AppleWebKit/538.1 (KHTML, like Gecko) PhantomJS/2.1.1 Safari/538.1","webSecurityEnabled":true}
[INFO  - 2019-01-31T15:57:29.874Z] Session [e9af5ea0-2570-11e9-9e3c-7f121f9d3ac3] - page.customHeaders:  - {}
[INFO  - 2019-01-31T15:57:29.874Z] Session [e9af5ea0-2570-11e9-9e3c-7f121f9d3ac3] - Session.negotiatedCapabilities - {"browserName":"phantomjs","version":"2.1.1","driverName":"ghostdriver","driverVersion":"1.2.0","platform":"windows-10-32bit","javascriptEnabled":true,"takesScreenshot":true,"handlesAlerts":false,"databaseEnabled":false,"locationContextEnabled":false,"applicationCacheEnabled":false,"browserConnectionEnabled":false,"cssSelectorsEnabled":true,"webStorageEnabled":false,"rotatable":false,"acceptSslCerts":false,"nativeEvents":true,"proxy":{"proxyType":"direct"}}
[INFO  - 2019-01-31T15:57:29.874Z] SessionManagerReqHand - _postNewSessionCommand - New Session Created: e9af5ea0-2570-11e9-9e3c-7f121f9d3ac3
[INFO  - 2019-01-31T15:57:32.373Z] ShutdownReqHand - _handle - About to shutdown
[INFO  - 2019-01-31T16:10:01.342Z] GhostDriver - Main - running on port 10412
[INFO  - 2019-01-31T16:10:01.746Z] Session [a9d68ae0-2572-11e9-a0ab-bb36d48bf94d] - page.settings - {"XSSAuditingEnabled":false,"javascriptCanCloseWindows":true,"javascriptCanOpenWindows":true,"javascriptEnabled":true,"loadImages":true,"localToRemoteUrlAccessEnabled":false,"userAgent":"Mozilla/5.0 (Windows NT 6.2; WOW64) AppleWebKit/538.1 (KHTML, like Gecko) PhantomJS/2.1.1 Safari/538.1","webSecurityEnabled":true}
[INFO  - 2019-01-31T16:10:01.746Z] Session [a9d68ae0-2572-11e9-a0ab-bb36d48bf94d] - page.customHeaders:  - {}
[INFO  - 2019-01-31T16:10:01.746Z] Session [a9d68ae0-2572-11e9-a0ab-bb36d48bf94d] - Session.negotiatedCapabilities - {"browserName":"phantomjs","version":"2.1.1","driverName":"ghostdriver","driverVersion":"1.2.0","platform":"windows-10-32bit","javascriptEnabled":true,"takesScreenshot":true,"handlesAlerts":false,"databaseEnabled":false,"locationContextEnabled":false,"applicationCacheEnabled":false,"browserConnectionEnabled":false,"cssSelectorsEnabled":true,"webStorageEnabled":false,"rotatable":false,"acceptSslCerts":false,"nativeEvents":true,"proxy":{"proxyType":"direct"}}
[INFO  - 2019-01-31T16:10:01.747Z] SessionManagerReqHand - _postNewSessionCommand - New Session Created: a9d68ae0-2572-11e9-a0ab-bb36d48bf94d
[INFO  - 2019-01-31T16:10:03.263Z] ShutdownReqHand - _handle - About to shutdown
[INFO  - 2019-01-31T16:10:05.248Z] GhostDriver - Main - running on port 23545
[INFO  - 2019-01-31T16:10:05.468Z] Session [ac0db630-2572-11e9-ad86-2941996cc4e3] - page.settings - {"XSSAuditingEnabled":false,"javascriptCanCloseWindows":true,"javascriptCanOpenWindows":true,"javascriptEnabled":true,"loadImages":true,"localToRemoteUrlAccessEnabled":false,"userAgent":"Mozilla/5.0 (Windows NT 6.2; WOW64) AppleWebKit/538.1 (KHTML, like Gecko) PhantomJS/2.1.1 Safari/538.1","webSecurityEnabled":true}
[INFO  - 2019-01-31T16:10:05.468Z] Session [ac0db630-2572-11e9-ad86-2941996cc4e3] - page.customHeaders:  - {}
[INFO  - 2019-01-31T16:10:05.468Z] Session [ac0db630-2572-11e9-ad86-2941996cc4e3] - Session.negotiatedCapabilities - {"browserName":"phantomjs","version":"2.1.1","driverName":"ghostdriver","driverVersion":"1.2.0","platform":"windows-10-32bit","javascriptEnabled":true,"takesScreenshot":true,"handlesAlerts":false,"databaseEnabled":false,"locationContextEnabled":false,"applicationCacheEnabled":false,"browserConnectionEnabled":false,"cssSelectorsEnabled":true,"webStorageEnabled":false,"rotatable":false,"acceptSslCerts":false,"nativeEvents":true,"proxy":{"proxyType":"direct"}}
[INFO  - 2019-01-31T16:10:05.469Z] SessionManagerReqHand - _postNewSessionCommand - New Session Created: ac0db630-2572-11e9-ad86-2941996cc4e3
[INFO  - 2019-01-31T16:10:06.956Z] ShutdownReqHand - _handle - About to shutdown
[INFO  - 2019-01-31T16:10:08.906Z] GhostDriver - Main - running on port 38842
[INFO  - 2019-01-31T16:10:09.135Z] Session [ae3cf240-2572-11e9-a842-6b3b2b59d83f] - page.settings - {"XSSAuditingEnabled":false,"javascriptCanCloseWindows":true,"javascriptCanOpenWindows":true,"javascriptEnabled":true,"loadImages":true,"localToRemoteUrlAccessEnabled":false,"userAgent":"Mozilla/5.0 (Windows NT 6.2; WOW64) AppleWebKit/538.1 (KHTML, like Gecko) PhantomJS/2.1.1 Safari/538.1","webSecurityEnabled":true}
[INFO  - 2019-01-31T16:10:09.135Z] Session [ae3cf240-2572-11e9-a842-6b3b2b59d83f] - page.customHeaders:  - {}
[INFO  - 2019-01-31T16:10:09.135Z] Session [ae3cf240-2572-11e9-a842-6b3b2b59d83f] - Session.negotiatedCapabilities - {"browserName":"phantomjs","version":"2.1.1","driverName":"ghostdriver","driverVersion":"1.2.0","platform":"windows-10-32bit","javascriptEnabled":true,"takesScreenshot":true,"handlesAlerts":false,"databaseEnabled":false,"locationContextEnabled":false,"applicationCacheEnabled":false,"browserConnectionEnabled":false,"cssSelectorsEnabled":true,"webStorageEnabled":false,"rotatable":false,"acceptSslCerts":false,"nativeEvents":true,"proxy":{"proxyType":"direct"}}
[INFO  - 2019-01-31T16:10:09.135Z] SessionManagerReqHand - _postNewSessionCommand - New Session Created: ae3cf240-2572-11e9-a842-6b3b2b59d83f
[INFO  - 2019-01-31T16:10:12.005Z] ShutdownReqHand - _handle - About to shutdown
[INFO  - 2019-01-31T16:10:13.967Z] GhostDriver - Main - running on port 31809
[INFO  - 2019-01-31T16:10:14.181Z] Session [b13f0eb0-2572-11e9-b0b8-d37c937fc2d7] - page.settings - {"XSSAuditingEnabled":false,"javascriptCanCloseWindows":true,"javascriptCanOpenWindows":true,"javascriptEnabled":true,"loadImages":true,"localToRemoteUrlAccessEnabled":false,"userAgent":"Mozilla/5.0 (Windows NT 6.2; WOW64) AppleWebKit/538.1 (KHTML, like Gecko) PhantomJS/2.1.1 Safari/538.1","webSecurityEnabled":true}
[INFO  - 2019-01-31T16:10:14.181Z] Session [b13f0eb0-2572-11e9-b0b8-d37c937fc2d7] - page.customHeaders:  - {}
[INFO  - 2019-01-31T16:10:14.182Z] Session [b13f0eb0-2572-11e9-b0b8-d37c937fc2d7] - Session.negotiatedCapabilities - {"browserName":"phantomjs","version":"2.1.1","driverName":"ghostdriver","driverVersion":"1.2.0","platform":"windows-10-32bit","javascriptEnabled":true,"takesScreenshot":true,"handlesAlerts":false,"databaseEnabled":false,"locationContextEnabled":false,"applicationCacheEnabled":false,"browserConnectionEnabled":false,"cssSelectorsEnabled":true,"webStorageEnabled":false,"rotatable":false,"acceptSslCerts":false,"nativeEvents":true,"proxy":{"proxyType":"direct"}}
[INFO  - 2019-01-31T16:10:14.182Z] SessionManagerReqHand - _postNewSessionCommand - New Session Created: b13f0eb0-2572-11e9-b0b8-d37c937fc2d7
[INFO  - 2019-01-31T16:10:15.485Z] ShutdownReqHand - _handle - About to shutdown
[INFO  - 2019-01-31T16:11:02.642Z] GhostDriver - Main - running on port 21634
[INFO  - 2019-01-31T16:11:03.031Z] Session [ce5de430-2572-11e9-bcc9-9f3299b2c242] - page.settings - {"XSSAuditingEnabled":false,"javascriptCanCloseWindows":true,"javascriptCanOpenWindows":true,"javascriptEnabled":true,"loadImages":true,"localToRemoteUrlAccessEnabled":false,"userAgent":"Mozilla/5.0 (Windows NT 6.2; WOW64) AppleWebKit/538.1 (KHTML, like Gecko) PhantomJS/2.1.1 Safari/538.1","webSecurityEnabled":true}
[INFO  - 2019-01-31T16:11:03.031Z] Session [ce5de430-2572-11e9-bcc9-9f3299b2c242] - page.customHeaders:  - {}
[INFO  - 2019-01-31T16:11:03.031Z] Session [ce5de430-2572-11e9-bcc9-9f3299b2c242] - Session.negotiatedCapabilities - {"browserName":"phantomjs","version":"2.1.1","driverName":"ghostdriver","driverVersion":"1.2.0","platform":"windows-10-32bit","javascriptEnabled":true,"takesScreenshot":true,"handlesAlerts":false,"databaseEnabled":false,"locationContextEnabled":false,"applicationCacheEnabled":false,"browserConnectionEnabled":false,"cssSelectorsEnabled":true,"webStorageEnabled":false,"rotatable":false,"acceptSslCerts":false,"nativeEvents":true,"proxy":{"proxyType":"direct"}}
[INFO  - 2019-01-31T16:11:03.031Z] SessionManagerReqHand - _postNewSessionCommand - New Session Created: ce5de430-2572-11e9-bcc9-9f3299b2c242
[INFO  - 2019-01-31T16:11:04.793Z] ShutdownReqHand - _handle - About to shutdown
[INFO  - 2019-01-31T16:11:06.733Z] GhostDriver - Main - running on port 38513
[INFO  - 2019-01-31T16:11:07.008Z] Session [d0bb0e10-2572-11e9-b32b-f1dbe6cd2924] - page.settings - {"XSSAuditingEnabled":false,"javascriptCanCloseWindows":true,"javascriptCanOpenWindows":true,"javascriptEnabled":true,"loadImages":true,"localToRemoteUrlAccessEnabled":false,"userAgent":"Mozilla/5.0 (Windows NT 6.2; WOW64) AppleWebKit/538.1 (KHTML, like Gecko) PhantomJS/2.1.1 Safari/538.1","webSecurityEnabled":true}
[INFO  - 2019-01-31T16:11:07.008Z] Session [d0bb0e10-2572-11e9-b32b-f1dbe6cd2924] - page.customHeaders:  - {}
[INFO  - 2019-01-31T16:11:07.008Z] Session [d0bb0e10-2572-11e9-b32b-f1dbe6cd2924] - Session.negotiatedCapabilities - {"browserName":"phantomjs","version":"2.1.1","driverName":"ghostdriver","driverVersion":"1.2.0","platform":"windows-10-32bit","javascriptEnabled":true,"takesScreenshot":true,"handlesAlerts":false,"databaseEnabled":false,"locationContextEnabled":false,"applicationCacheEnabled":false,"browserConnectionEnabled":false,"cssSelectorsEnabled":true,"webStorageEnabled":false,"rotatable":false,"acceptSslCerts":false,"nativeEvents":true,"proxy":{"proxyType":"direct"}}
[INFO  - 2019-01-31T16:11:07.008Z] SessionManagerReqHand - _postNewSessionCommand - New Session Created: d0bb0e10-2572-11e9-b32b-f1dbe6cd2924
[INFO  - 2019-01-31T16:11:08.665Z] ShutdownReqHand - _handle - About to shutdown
[INFO  - 2019-01-31T16:11:10.622Z] GhostDriver - Main - running on port 5646
[INFO  - 2019-01-31T16:11:10.881Z] Session [d30a0720-2572-11e9-b7be-1ff7fd09aa89] - page.settings - {"XSSAuditingEnabled":false,"javascriptCanCloseWindows":true,"javascriptCanOpenWindows":true,"javascriptEnabled":true,"loadImages":true,"localToRemoteUrlAccessEnabled":false,"userAgent":"Mozilla/5.0 (Windows NT 6.2; WOW64) AppleWebKit/538.1 (KHTML, like Gecko) PhantomJS/2.1.1 Safari/538.1","webSecurityEnabled":true}
[INFO  - 2019-01-31T16:11:10.882Z] Session [d30a0720-2572-11e9-b7be-1ff7fd09aa89] - page.customHeaders:  - {}
[INFO  - 2019-01-31T16:11:10.882Z] Session [d30a0720-2572-11e9-b7be-1ff7fd09aa89] - Session.negotiatedCapabilities - {"browserName":"phantomjs","version":"2.1.1","driverName":"ghostdriver","driverVersion":"1.2.0","platform":"windows-10-32bit","javascriptEnabled":true,"takesScreenshot":true,"handlesAlerts":false,"databaseEnabled":false,"locationContextEnabled":false,"applicationCacheEnabled":false,"browserConnectionEnabled":false,"cssSelectorsEnabled":true,"webStorageEnabled":false,"rotatable":false,"acceptSslCerts":false,"nativeEvents":true,"proxy":{"proxyType":"direct"}}
[INFO  - 2019-01-31T16:11:10.883Z] SessionManagerReqHand - _postNewSessionCommand - New Session Created: d30a0720-2572-11e9-b7be-1ff7fd09aa89
[INFO  - 2019-01-31T16:11:12.351Z] ShutdownReqHand - _handle - About to shutdown
[INFO  - 2019-01-31T16:11:14.290Z] GhostDriver - Main - running on port 30909
[INFO  - 2019-01-31T16:11:14.527Z] Session [d5376e70-2572-11e9-9612-d9817883050e] - page.settings - {"XSSAuditingEnabled":false,"javascriptCanCloseWindows":true,"javascriptCanOpenWindows":true,"javascriptEnabled":true,"loadImages":true,"localToRemoteUrlAccessEnabled":false,"userAgent":"Mozilla/5.0 (Windows NT 6.2; WOW64) AppleWebKit/538.1 (KHTML, like Gecko) PhantomJS/2.1.1 Safari/538.1","webSecurityEnabled":true}
[INFO  - 2019-01-31T16:11:14.527Z] Session [d5376e70-2572-11e9-9612-d9817883050e] - page.customHeaders:  - {}
[INFO  - 2019-01-31T16:11:14.527Z] Session [d5376e70-2572-11e9-9612-d9817883050e] - Session.negotiatedCapabilities - {"browserName":"phantomjs","version":"2.1.1","driverName":"ghostdriver","driverVersion":"1.2.0","platform":"windows-10-32bit","javascriptEnabled":true,"takesScreenshot":true,"handlesAlerts":false,"databaseEnabled":false,"locationContextEnabled":false,"applicationCacheEnabled":false,"browserConnectionEnabled":false,"cssSelectorsEnabled":true,"webStorageEnabled":false,"rotatable":false,"acceptSslCerts":false,"nativeEvents":true,"proxy":{"proxyType":"direct"}}
[INFO  - 2019-01-31T16:11:14.528Z] SessionManagerReqHand - _postNewSessionCommand - New Session Created: d5376e70-2572-11e9-9612-d9817883050e
[INFO  - 2019-01-31T16:11:15.993Z] ShutdownReqHand - _handle - About to shutdown
